<?xml version="1.0" encoding="UTF-8"?>
<!-- Generated by org.testng.reporters.JUnitXMLReporter -->
<testsuite ignored="0" hostname="DESKTOP-2JJ4VBK" failures="0" tests="5" name="Default test" time="2.527" errors="0" timestamp="2025-07-11T09:26:57 IST">
  <testcase classname="com.MyTests.D03_LoginTest" name="loginTest" time="0.017"/>
  <testcase classname="com.MyTests.D03_LoginTest" name="loginTest" time="0.007"/>
  <testcase classname="com.MyTests.D03_LoginTest" name="loginTest" time="0.012"/>
  <testcase classname="com.MyTests.D03_LoginTest" name="loginTest" time="0.005"/>
  <testcase classname="com.MyTests.D03_LoginTest" name="loginTest" time="0.006"/>
</testsuite> <!-- Default test -->
