<?xml version="1.0" encoding="UTF-8"?>
<testng-results ignored="0" total="5" passed="5" failed="0" skipped="0">
  <reporter-output>
  </reporter-output>
  <suite started-at="2025-07-11T09:26:55 IST" name="Default suite" finished-at="2025-07-11T09:26:57 IST" duration-ms="2527">
    <groups>
    </groups>
    <test started-at="2025-07-11T09:26:55 IST" name="Default test" finished-at="2025-07-11T09:26:57 IST" duration-ms="2527">
      <class name="com.MyTests.D03_LoginTest">
        <test-method is-config="true" signature="beforeTest()[pri:0, instance:com.MyTests.D03_LoginTest@58cbafc2]" started-at="2025-07-11T09:26:55 IST" name="beforeTest" finished-at="2025-07-11T09:26:55 IST" duration-ms="38" status="PASS">
          <reporter-output>
          </reporter-output>
        </test-method> <!-- beforeTest -->
        <test-method signature="loginTest(java.lang.String,java.lang.String,java.lang.String)[pri:0, instance:com.MyTests.D03_LoginTest@58cbafc2]" started-at="2025-07-11T09:26:57 IST" name="loginTest" data-provider="getData" finished-at="2025-07-11T09:26:57 IST" duration-ms="17" status="PASS">
          <params>
            <param index="0">
              <value>
                <![CDATA[User Name]]>
              </value>
            </param>
            <param index="1">
              <value>
                <![CDATA[Password]]>
              </value>
            </param>
            <param index="2">
              <value>
                <![CDATA[Result]]>
              </value>
            </param>
          </params>
          <reporter-output>
          </reporter-output>
        </test-method> <!-- loginTest -->
        <test-method signature="loginTest(java.lang.String,java.lang.String,java.lang.String)[pri:0, instance:com.MyTests.D03_LoginTest@58cbafc2]" started-at="2025-07-11T09:26:57 IST" name="loginTest" data-provider="getData" finished-at="2025-07-11T09:26:57 IST" duration-ms="7" status="PASS">
          <params>
            <param index="0">
              <value>
                <![CDATA[Admin]]>
              </value>
            </param>
            <param index="1">
              <value>
                <![CDATA[admin123]]>
              </value>
            </param>
            <param index="2">
              <value>
                <![CDATA[Pass]]>
              </value>
            </param>
          </params>
          <reporter-output>
          </reporter-output>
        </test-method> <!-- loginTest -->
        <test-method signature="loginTest(java.lang.String,java.lang.String,java.lang.String)[pri:0, instance:com.MyTests.D03_LoginTest@58cbafc2]" started-at="2025-07-11T09:26:57 IST" name="loginTest" data-provider="getData" finished-at="2025-07-11T09:26:57 IST" duration-ms="12" status="PASS">
          <params>
            <param index="0">
              <value>
                <![CDATA[Vinayak]]>
              </value>
            </param>
            <param index="1">
              <value>
                <![CDATA[vinayak123]]>
              </value>
            </param>
            <param index="2">
              <value>
                <![CDATA[Fail]]>
              </value>
            </param>
          </params>
          <reporter-output>
          </reporter-output>
        </test-method> <!-- loginTest -->
        <test-method signature="loginTest(java.lang.String,java.lang.String,java.lang.String)[pri:0, instance:com.MyTests.D03_LoginTest@58cbafc2]" started-at="2025-07-11T09:26:57 IST" name="loginTest" data-provider="getData" finished-at="2025-07-11T09:26:57 IST" duration-ms="5" status="PASS">
          <params>
            <param index="0">
              <value>
                <![CDATA[Admin]]>
              </value>
            </param>
            <param index="1">
              <value>
                <![CDATA[admin123]]>
              </value>
            </param>
            <param index="2">
              <value>
                <![CDATA[Pass]]>
              </value>
            </param>
          </params>
          <reporter-output>
          </reporter-output>
        </test-method> <!-- loginTest -->
        <test-method signature="loginTest(java.lang.String,java.lang.String,java.lang.String)[pri:0, instance:com.MyTests.D03_LoginTest@58cbafc2]" started-at="2025-07-11T09:26:57 IST" name="loginTest" data-provider="getData" finished-at="2025-07-11T09:26:57 IST" duration-ms="6" status="PASS">
          <params>
            <param index="0">
              <value>
                <![CDATA[Pravin]]>
              </value>
            </param>
            <param index="1">
              <value>
                <![CDATA[pravin123]]>
              </value>
            </param>
            <param index="2">
              <value>
                <![CDATA[Fail]]>
              </value>
            </param>
          </params>
          <reporter-output>
          </reporter-output>
        </test-method> <!-- loginTest -->
      </class> <!-- com.MyTests.D03_LoginTest -->
    </test> <!-- Default test -->
  </suite> <!-- Default suite -->
</testng-results>
